-------------------------------------------------------------------------------
Test set: bmt.AppTest
-------------------------------------------------------------------------------
Tests run: 6, Failures: 0, Errors: 5, Skipped: 0, Time elapsed: 0.044 s <<< FAILURE! - in bmt.AppTest
testCalculateSpearman  Time elapsed: 0.028 s  <<< ERROR!
java.lang.Error: 
Unresolved compilation problem: 
	The method calculateSpearman(List<Double>, List<Double>) is undefined for the type App

	at bmt.AppTest.testCalculateSpearman(AppTest.java:33)

testCalculatePearson  Time elapsed: 0 s  <<< ERROR!
java.lang.Error: 
Unresolved compilation problem: 
	The method calculatePearson(List<Double>, List<Double>) is undefined for the type App

	at bmt.AppTest.testCalculatePearson(AppTest.java:24)

testPredictProfit  Time elapsed: 0 s  <<< ERROR!
java.lang.Error: 
Unresolved compilation problem: 
	The method predictProfit(double, double[]) is undefined for the type App

	at bmt.AppTest.testPredictProfit(AppTest.java:54)

testPredictImdbRating  Time elapsed: 0 s  <<< ERROR!
java.lang.Error: 
Unresolved compilation problem: 
	The method predictImdbRating(double, double[]) is undefined for the type App

	at bmt.AppTest.testPredictImdbRating(AppTest.java:62)

testPerformLinearRegression  Time elapsed: 0 s  <<< ERROR!
java.lang.Error: 
Unresolved compilation problem: 
	The method performLinearRegression(List<Double>, List<Double>) is undefined for the type App

	at bmt.AppTest.testPerformLinearRegression(AppTest.java:44)

