<?xml version="1.0" encoding="UTF-8"?>
<testsuite xmlns:xsi="http://www.w3.org/2001/XMLSchema-instance" xsi:noNamespaceSchemaLocation="https://maven.apache.org/surefire/maven-surefire-plugin/xsd/surefire-test-report.xsd" name="bmt.AppTest" time="0.06" tests="5" errors="0" skipped="0" failures="0">
  <properties>
[...]
</properties>
  <testcase name="testCalculateSpearman" classname="bmt.AppTest" time="0.02"/>
  <testcase name="testCalculatePearson" classname="bmt.AppTest" time="0"/>
  <testcase name="testPredictProfit" classname="bmt.AppTest" time="0"/>
  <testcase name="testCalculateMean" classname="bmt.AppTest" time="0"/>
  <testcase name="testPerformLinearRegression" classname="bmt.AppTest" time="0.038"/>
</testsuite>